<?xml version="1.0" encoding="UTF-8"?>
<testng-results ignored="0" total="1" passed="1" failed="0" skipped="0">
  <reporter-output>
  </reporter-output>
  <suite started-at="2025-04-24T09:26:46 IST" name="Default suite" finished-at="2025-04-24T09:26:46 IST" duration-ms="96">
    <groups>
    </groups>
    <test started-at="2025-04-24T09:26:46 IST" name="Default test" finished-at="2025-04-24T09:26:46 IST" duration-ms="96">
      <class name="Basic.Leave">
        <test-method signature="l1()[pri:0, instance:Basic.Leave@6572421]" started-at="2025-04-24T09:26:46 IST" name="l1" finished-at="2025-04-24T09:26:46 IST" duration-ms="13" status="PASS">
          <reporter-output>
          </reporter-output>
        </test-method> <!-- l1 -->
      </class> <!-- Basic.Leave -->
    </test> <!-- Default test -->
  </suite> <!-- Default suite -->
</testng-results>
